<?xml version="1.0" encoding="UTF-8"?>
<!-- Generated by org.testng.reporters.JUnitReportReporter -->
<testsuite hostname="INCHN-WS-485" name="TestNG.successPercentageTests" tests="1" failures="0" timestamp="16 May 2019 12:04:08 GMT" time="0.008" errors="0">
  <testcase name="successPercentageTesting1" time="0.008" classname="TestNG.successPercentageTests"/>
</testsuite> <!-- TestNG.successPercentageTests -->
