<?xml version="1.0" encoding="UTF-8"?>
<!-- Generated by org.testng.reporters.JUnitReportReporter -->
<testsuite hostname="INCHN-WS-485" name="JenkinsBasics.JenkinsTest2" tests="3" failures="0" timestamp="11 Apr 2019 10:23:22 GMT" time="0.031" errors="0">
  <testcase name="verifyPageTitle" time="0.008" classname="JenkinsBasics.JenkinsTest2"/>
  <testcase name="verifyPageTitle" time="0.016" classname="JenkinsBasics.JenkinsTest2"/>
  <testcase name="verifyPageTitle" time="0.007" classname="JenkinsBasics.JenkinsTest2"/>
</testsuite> <!-- JenkinsBasics.JenkinsTest2 -->
