<?xml version="1.0" encoding="UTF-8"?>
<!-- Generated by org.testng.reporters.JUnitReportReporter -->
<testsuite hostname="INCHN-WS-485" name="Basics.GetDomainName" tests="1" failures="0" timestamp="22 May 2019 12:44:33 GMT" time="24.674" errors="0">
  <testcase name="GetDomain" time="24.674" classname="Basics.GetDomainName"/>
</testsuite> <!-- Basics.GetDomainName -->
