<?xml version="1.0" encoding="UTF-8"?>
<!-- Generated by org.testng.reporters.JUnitReportReporter -->
<testsuite hostname="INCHN-WS-485" name="PageFactoryModel.TestCase2" tests="1" failures="0" timestamp="25 Apr 2019 06:45:37 GMT" time="0.000" errors="0">
  <testcase name="testMethod2" time="0.000" classname="PageFactoryModel.TestCase2"/>
</testsuite> <!-- PageFactoryModel.TestCase2 -->
