<?xml version="1.0" encoding="UTF-8"?>
<!-- Generated by org.testng.reporters.JUnitReportReporter -->
<testsuite hostname="INCHN-WS-485" name="PageFactoryModel.TestCase3" tests="1" failures="0" timestamp="25 Apr 2019 06:45:37 GMT" time="0.001" errors="0">
  <testcase name="testMethod3" time="0.001" classname="PageFactoryModel.TestCase3"/>
</testsuite> <!-- PageFactoryModel.TestCase3 -->
