<?xml version="1.0" encoding="UTF-8"?>
<!-- Generated by org.testng.reporters.JUnitReportReporter -->
<testsuite hostname="INCHN-WS-485" name="DDFHashMap.ReadExcelUsingHashMap" tests="3" failures="0" timestamp="24 May 2019 10:00:17 GMT" time="0.022" errors="0">
  <testcase name="integrationTest" time="0.000" classname="DDFHashMap.ReadExcelUsingHashMap"/>
  <testcase name="integrationTest" time="0.000" classname="DDFHashMap.ReadExcelUsingHashMap"/>
  <testcase name="integrationTest" time="0.022" classname="DDFHashMap.ReadExcelUsingHashMap"/>
</testsuite> <!-- DDFHashMap.ReadExcelUsingHashMap -->
