<?xml version="1.0" encoding="UTF-8"?>
<!-- Generated by org.testng.reporters.JUnitReportReporter -->
<testsuite hostname="INCHN-WS-485" name="Basics.ExtentReportExample" tests="1" failures="0" timestamp="25 Apr 2019 09:13:32 GMT" time="9.898" errors="0">
  <testcase name="extentReport" time="9.898" classname="Basics.ExtentReportExample"/>
</testsuite> <!-- Basics.ExtentReportExample -->
