<?xml version="1.0" encoding="UTF-8"?>
<!-- Generated by org.testng.reporters.JUnitReportReporter -->
<testsuite hostname="INCHN-WS-485" name="Basics.JenkinsTest1" tests="3" failures="0" timestamp="12 Apr 2019 06:03:15 GMT" time="0.012" errors="0">
  <testcase name="verifyPageTitle" time="0.008" classname="Basics.JenkinsTest1"/>
  <testcase name="Test2" time="0.000" classname="Basics.JenkinsTest1"/>
  <testcase name="Test" time="0.004" classname="Basics.JenkinsTest1"/>
</testsuite> <!-- Basics.JenkinsTest1 -->
