<?xml version="1.0" encoding="UTF-8"?>
<!-- Generated by org.testng.reporters.JUnitReportReporter -->
<testsuite hostname="INCHN-WS-485" name="JenkinsBasics.JenkinsTest" tests="1" failures="0" timestamp="11 Apr 2019 08:17:58 GMT" time="0.009" errors="0">
  <testcase name="verifyPageTitle" time="0.009" classname="JenkinsBasics.JenkinsTest"/>
</testsuite> <!-- JenkinsBasics.JenkinsTest -->
